 WARN  Unsupported engine: wanted: {"node":">=24.0.0 <25"} (current: {"node":"v20.19.4","pnpm":"10.17.1"})

> airnub-site@ build /workspace/airnub-site
> turbo run build

turbo 2.5.8

• Packages in scope: @airnub/adf-app, @airnub/airnub-app, @airnub/brand, @airnub/db, @airnub/seo, @airnub/speckit-app, @airnub/ui, docs
• Running build in 8 packages
• Remote caching disabled
docs:build: cache hit, replaying logs 3630a5d87f64944c
docs:build: 
docs:build: > docs@0.0.0 build /workspace/airnub-site/docs
docs:build: > docusaurus build
docs:build: 
docs:build: [INFO] [en] Creating an optimized production build...
docs:build: [webpackbar] ℹ Compiling Client
docs:build: [webpackbar] ℹ Compiling Server
docs:build: [webpackbar] ✔ Server: Compiled successfully in 7.95s
docs:build: [webpackbar] ✔ Client: Compiled successfully in 10.67s
docs:build: [SUCCESS] Generated static files in "build".
docs:build: [INFO] Use `npm run serve` command to test your build locally.
@airnub/speckit-app:build: cache miss, executing c3aff78522f9923d
@airnub/adf-app:build: cache miss, executing 75a43d36706f0dd6
@airnub/airnub-app:build: cache miss, executing 06527ee1cb126250
@airnub/speckit-app:build:  WARN  Unsupported engine: wanted: {"node":">=24.0.0 <25"} (current: {"node":"v20.19.4","pnpm":"10.17.1"})
@airnub/speckit-app:build: 
@airnub/speckit-app:build: > @airnub/speckit-app@0.1.0 build /workspace/airnub-site/apps/speckit
@airnub/speckit-app:build: > next build
@airnub/speckit-app:build: 
@airnub/adf-app:build:  WARN  Unsupported engine: wanted: {"node":">=24.0.0 <25"} (current: {"node":"v20.19.4","pnpm":"10.17.1"})
@airnub/adf-app:build: 
@airnub/adf-app:build: > @airnub/adf-app@0.1.0 build /workspace/airnub-site/apps/adf
@airnub/adf-app:build: > next build
@airnub/adf-app:build: 
@airnub/airnub-app:build:  WARN  Unsupported engine: wanted: {"node":">=24.0.0 <25"} (current: {"node":"v20.19.4","pnpm":"10.17.1"})
@airnub/airnub-app:build: 
@airnub/airnub-app:build: > @airnub/airnub-app@0.1.0 build /workspace/airnub-site/apps/airnub
@airnub/airnub-app:build: > next build
@airnub/airnub-app:build: 
@airnub/adf-app:build:    ▲ Next.js 15.5.4
@airnub/adf-app:build:    - Experiments (use with caution):
@airnub/adf-app:build:      · optimizePackageImports
@airnub/adf-app:build: 
@airnub/speckit-app:build:    ▲ Next.js 15.5.4
@airnub/speckit-app:build:    - Experiments (use with caution):
@airnub/speckit-app:build:      · optimizePackageImports
@airnub/speckit-app:build: 
@airnub/airnub-app:build:    ▲ Next.js 15.5.4
@airnub/airnub-app:build:    - Experiments (use with caution):
@airnub/airnub-app:build:      · optimizePackageImports
@airnub/airnub-app:build: 
@airnub/adf-app:build:    Creating an optimized production build ...
@airnub/speckit-app:build:    Creating an optimized production build ...
@airnub/airnub-app:build:    Creating an optimized production build ...
@airnub/adf-app:build:  ✓ Compiled successfully in 31.1s
@airnub/adf-app:build:    Linting and checking validity of types ...
@airnub/airnub-app:build:  ✓ Compiled successfully in 39.5s
@airnub/airnub-app:build:    Linting and checking validity of types ...
@airnub/adf-app:build:    Collecting page data ...
@airnub/adf-app:build:    Generating static pages (0/23) ...
@airnub/speckit-app:build:  ✓ Compiled successfully in 42s
@airnub/speckit-app:build:    Linting and checking validity of types ...
@airnub/adf-app:build:  ⚠ metadataBase property in metadata export is not set for resolving social open graph or twitter images, using "http://localhost:3000". See https://nextjs.org/docs/app/api-reference/functions/generate-metadata#metadatabase
@airnub/adf-app:build:    Generating static pages (5/23) 
@airnub/adf-app:build:    Generating static pages (11/23) 
@airnub/adf-app:build:    Generating static pages (17/23) 
@airnub/adf-app:build:  ✓ Generating static pages (23/23)
@airnub/adf-app:build:    Finalizing page optimization ...
@airnub/adf-app:build:    Collecting build traces ...
@airnub/airnub-app:build:    Collecting page data ...
@airnub/airnub-app:build:    Generating static pages (0/49) ...
@airnub/airnub-app:build:  ⚠ metadataBase property in metadata export is not set for resolving social open graph or twitter images, using "http://localhost:3000". See https://nextjs.org/docs/app/api-reference/functions/generate-metadata#metadatabase
@airnub/airnub-app:build:  ⚠ metadataBase property in metadata export is not set for resolving social open graph or twitter images, using "http://localhost:3000". See https://nextjs.org/docs/app/api-reference/functions/generate-metadata#metadatabase
@airnub/speckit-app:build:    Collecting page data ...
@airnub/airnub-app:build:    Generating static pages (12/49) 
@airnub/airnub-app:build:    Generating static pages (24/49) 
@airnub/airnub-app:build:    Generating static pages (36/49) 
@airnub/airnub-app:build:  ✓ Generating static pages (49/49)
@airnub/airnub-app:build:    Finalizing page optimization ...
@airnub/airnub-app:build:    Collecting build traces ...
@airnub/speckit-app:build:    Generating static pages (0/8) ...
@airnub/speckit-app:build:    Generating static pages (2/8) 
@airnub/speckit-app:build:    Generating static pages (4/8) 
@airnub/speckit-app:build:    Generating static pages (6/8) 
@airnub/speckit-app:build:  ✓ Generating static pages (8/8)
@airnub/speckit-app:build:    Finalizing page optimization ...
@airnub/speckit-app:build:    Collecting build traces ...
@airnub/adf-app:build: 
@airnub/adf-app:build: Route (app)                                 Size  First Load JS
@airnub/adf-app:build: ┌ ○ /_not-found                            990 B         103 kB
@airnub/adf-app:build: ├ ● /[locale]                              538 B         107 kB
@airnub/adf-app:build: ├   ├ /en-US
@airnub/adf-app:build: ├   ├ /en-GB
@airnub/adf-app:build: ├   ├ /ga
@airnub/adf-app:build: ├   └ [+5 more paths]
@airnub/adf-app:build: ├ ○ /[locale]/docs                         139 B         102 kB
@airnub/adf-app:build: ├ ● /[locale]/quickstart                   538 B         107 kB
@airnub/adf-app:build: ├   ├ /en-US/quickstart
@airnub/adf-app:build: ├   ├ /en-GB/quickstart
@airnub/adf-app:build: ├   ├ /ga/quickstart
@airnub/adf-app:build: ├   └ [+5 more paths]
@airnub/adf-app:build: ├ ○ /icon                                  139 B         102 kB
@airnub/adf-app:build: ├ ○ /opengraph-image                       139 B         102 kB
@airnub/adf-app:build: ├ ○ /robots.txt                            139 B         102 kB
@airnub/adf-app:build: └ ○ /sitemap.xml                           139 B         102 kB
@airnub/adf-app:build: + First Load JS shared by all             102 kB
@airnub/adf-app:build:   ├ chunks/719-872ddb219de40336.js       45.9 kB
@airnub/adf-app:build:   ├ chunks/82b9bf71-cb6db1812630347c.js  54.2 kB
@airnub/adf-app:build:   └ other shared chunks (total)          2.23 kB
@airnub/adf-app:build: 
@airnub/adf-app:build: 
@airnub/adf-app:build: ƒ Middleware                             52.1 kB
@airnub/adf-app:build: 
@airnub/adf-app:build: ○  (Static)  prerendered as static content
@airnub/adf-app:build: ●  (SSG)     prerendered as static HTML (uses generateStaticParams)
@airnub/adf-app:build: 
@airnub/airnub-app:build: 
@airnub/airnub-app:build: Route (app)                                 Size  First Load JS  Revalidate  Expire
@airnub/airnub-app:build: ┌ ○ /_not-found                            990 B         103 kB
@airnub/airnub-app:build: ├ ● /[locale]                            1.61 kB         123 kB          1m      1y
@airnub/airnub-app:build: ├   ├ /en-US                                                             1m      1y
@airnub/airnub-app:build: ├   ├ /en-GB                                                             1m      1y
@airnub/airnub-app:build: ├   ├ /ga                                                                1m      1y
@airnub/airnub-app:build: ├   └ [+5 more paths]
@airnub/airnub-app:build: ├ ● /[locale]/about                        395 B         122 kB          1m      1y
@airnub/airnub-app:build: ├   ├ /en-US/about                                                       1m      1y
@airnub/airnub-app:build: ├   ├ /en-GB/about                                                       1m      1y
@airnub/airnub-app:build: ├   ├ /ga/about                                                          1m      1y
@airnub/airnub-app:build: ├   └ [+5 more paths]
@airnub/airnub-app:build: ├ ● /[locale]/contact                    2.33 kB         114 kB          1m      1y
@airnub/airnub-app:build: ├   ├ /en-US/contact                                                     1m      1y
@airnub/airnub-app:build: ├   ├ /en-GB/contact                                                     1m      1y
@airnub/airnub-app:build: ├   ├ /ga/contact                                                        1m      1y
@airnub/airnub-app:build: ├   └ [+5 more paths]
@airnub/airnub-app:build: ├ ● /[locale]/projects                   1.61 kB         123 kB          1m      1y
@airnub/airnub-app:build: ├   ├ /en-US/projects                                                    1m      1y
@airnub/airnub-app:build: ├   ├ /en-GB/projects                                                    1m      1y
@airnub/airnub-app:build: ├   ├ /ga/projects                                                       1m      1y
@airnub/airnub-app:build: ├   └ [+5 more paths]
@airnub/airnub-app:build: ├ ● /[locale]/work                        1.6 kB         123 kB          1m      1y
@airnub/airnub-app:build: ├   ├ /en-US/work                                                        1m      1y
@airnub/airnub-app:build: ├   ├ /en-GB/work                                                        1m      1y
@airnub/airnub-app:build: ├   ├ /ga/work                                                           1m      1y
@airnub/airnub-app:build: ├   └ [+5 more paths]
@airnub/airnub-app:build: ├ ○ /admin                                 136 B         102 kB
@airnub/airnub-app:build: ├ ƒ /admin/leads                         2.96 kB         105 kB
@airnub/airnub-app:build: ├ ○ /admin/sign-in                       1.98 kB         104 kB
@airnub/airnub-app:build: ├ ƒ /api/og                                157 B         102 kB
@airnub/airnub-app:build: ├ ○ /opengraph-image                       136 B         102 kB
@airnub/airnub-app:build: ├ ○ /robots.txt                            136 B         102 kB
@airnub/airnub-app:build: └ ○ /sitemap.xml                           136 B         102 kB
@airnub/airnub-app:build: + First Load JS shared by all             102 kB
@airnub/airnub-app:build:   ├ chunks/719-872ddb219de40336.js       45.9 kB
@airnub/airnub-app:build:   ├ chunks/82b9bf71-cb6db1812630347c.js  54.2 kB
@airnub/airnub-app:build:   └ other shared chunks (total)          2.23 kB
@airnub/airnub-app:build: 
@airnub/airnub-app:build: 
@airnub/airnub-app:build: ƒ Middleware                             51.8 kB
@airnub/airnub-app:build: 
@airnub/airnub-app:build: ○  (Static)   prerendered as static content
@airnub/airnub-app:build: ●  (SSG)      prerendered as static HTML (uses generateStaticParams)
@airnub/airnub-app:build: ƒ  (Dynamic)  server-rendered on demand
@airnub/airnub-app:build: 
@airnub/speckit-app:build: 
@airnub/speckit-app:build: Route (app)                                 Size  First Load JS
@airnub/speckit-app:build: ┌ ƒ /                                    1.47 kB         107 kB
@airnub/speckit-app:build: ├ ƒ /_not-found                            989 B         103 kB
@airnub/speckit-app:build: ├ ƒ /api/og                                157 B         102 kB
@airnub/speckit-app:build: ├ ƒ /contact                             2.34 kB         114 kB
@airnub/speckit-app:build: ├ ƒ /how-it-works                          141 B         102 kB
@airnub/speckit-app:build: ├ ○ /opengraph-image                       141 B         102 kB
@airnub/speckit-app:build: ├ ƒ /pricing                             1.47 kB         107 kB
@airnub/speckit-app:build: ├ ƒ /product                             1.47 kB         107 kB
@airnub/speckit-app:build: ├ ƒ /quickstart                          1.47 kB         107 kB
@airnub/speckit-app:build: ├ ○ /robots.txt                            141 B         102 kB
@airnub/speckit-app:build: ├ ○ /sitemap.xml                           141 B         102 kB
@airnub/speckit-app:build: ├ ƒ /solutions                             161 B         106 kB
@airnub/speckit-app:build: ├ ƒ /solutions/ciso                        141 B         102 kB
@airnub/speckit-app:build: ├ ƒ /solutions/devsecops                   141 B         102 kB
@airnub/speckit-app:build: ├ ƒ /template                            1.47 kB         107 kB
@airnub/speckit-app:build: └ ○ /trust                                 141 B         102 kB
@airnub/speckit-app:build: + First Load JS shared by all             102 kB
@airnub/speckit-app:build:   ├ chunks/719-872ddb219de40336.js       45.9 kB
@airnub/speckit-app:build:   ├ chunks/82b9bf71-cb6db1812630347c.js  54.2 kB
@airnub/speckit-app:build:   └ other shared chunks (total)          2.22 kB
@airnub/speckit-app:build: 
@airnub/speckit-app:build: 
@airnub/speckit-app:build: ○  (Static)   prerendered as static content
@airnub/speckit-app:build: ƒ  (Dynamic)  server-rendered on demand
@airnub/speckit-app:build: 

 Tasks:    4 successful, 4 total
Cached:    1 cached, 4 total
  Time:    1m33.532s 

